<?xml version="1.0" encoding="UTF-8"?>
<!-- Generated by org.testng.reporters.JUnitReportReporter -->
<testsuite hostname="MR-ROBOT" failures="0" tests="1" name="Tests.SubmitTest" time="7.377" errors="0" timestamp="2025-05-21T09:11:32 PDT" skipped="0">
  <testcase classname="Tests.SubmitTest" name="submitTest" time="7.377"/>
</testsuite> <!-- Tests.SubmitTest -->
